# JRE version: Java(TM) SE Runtime Environment (21.0.2+13) (build 21.0.2+13-LTS-58)
# Java VM: Java HotSpot(TM) 64-Bit Server VM (21.0.2+13-LTS-58, mixed mode, sharing, tiered, compressed oops, compressed class ptrs, g1 gc, windows-amd64)
GC Precious Log:
 CardTable entry size: 512
 Card Set container configuration: InlinePtr #cards 4 size 8 Array Of Cards #cards 16 size 48 Howl #buckets 8 coarsen threshold 3686 Howl Bitmap #cards 512 size 80 coarsen threshold 460 Card regions per heap region 1 cards per card region 4096
 CPUs: 16 total, 16 available
 Memory: 16114M
 Large Page Support: Disabled
 NUMA Support: Disabled
 Compressed Oops: Enabled (Zero based)
 Heap Region Size: 2M
 Heap Min Capacity: 8M
 Heap Initial Capacity: 252M
 Heap Max Capacity: 4030M
 Pre-touch: Disabled
 Parallel Workers: 13
 Concurrent Workers: 3
 Concurrent Refinement Workers: 13
 Periodic GC: Disabled
Heap:
 garbage-first heap   total 301056K, used 194404K [0x0000000704200000, 0x0000000800000000)
  region size 2048K, 62 young (126976K), 4 survivors (8192K)
 Metaspace       used 117046K, committed 118592K, reserved 1179648K
  class space    used 15390K, committed 16000K, reserved 1048576K
GC Heap History (20 events):
Event: 10.929 GC heap before
{Heap before GC invocations=32 (full 0):
 garbage-first heap   total 370688K, used 243134K [0x0000000704200000, 0x0000000800000000)
  region size 2048K, 70 young (143360K), 9 survivors (18432K)
 Metaspace       used 89006K, committed 89792K, reserved 1179648K
  class space    used 12066K, committed 12416K, reserved 1048576K
}
Event: 10.941 GC heap after
{Heap after GC invocations=33 (full 0):
 garbage-first heap   total 370688K, used 128549K [0x0000000704200000, 0x0000000800000000)
  region size 2048K, 4 young (8192K), 4 survivors (8192K)
 Metaspace       used 89006K, committed 89792K, reserved 1179648K
  class space    used 12066K, committed 12416K, reserved 1048576K
}
Event: 13.044 GC heap before
{Heap before GC invocations=33 (full 0):
 garbage-first heap   total 370688K, used 282149K [0x0000000704200000, 0x0000000800000000)
  region size 2048K, 79 young (161792K), 4 survivors (8192K)
 Metaspace       used 105125K, committed 106112K, reserved 1179648K
  class space    used 14066K, committed 14528K, reserved 1048576K
}
Event: 13.052 GC heap after
{Heap after GC invocations=34 (full 0):
 garbage-first heap   total 370688K, used 135777K [0x0000000704200000, 0x0000000800000000)
  region size 2048K, 8 young (16384K), 8 survivors (16384K)
 Metaspace       used 105125K, committed 106112K, reserved 1179648K
  class space    used 14066K, committed 14528K, reserved 1048576K
}
Event: 566.175 GC heap before
{Heap before GC invocations=35 (full 0):
 garbage-first heap   total 370688K, used 281185K [0x0000000704200000, 0x0000000800000000)
  region size 2048K, 90 young (184320K), 8 survivors (16384K)
 Metaspace       used 116550K, committed 117568K, reserved 1179648K
  class space    used 15524K, committed 16000K, reserved 1048576K
}
Event: 566.199 GC heap after
{Heap after GC invocations=36 (full 0):
 garbage-first heap   total 370688K, used 122278K [0x0000000704200000, 0x0000000800000000)
  region size 2048K, 9 young (18432K), 9 survivors (18432K)
 Metaspace       used 116550K, committed 117568K, reserved 1179648K
  class space    used 15524K, committed 16000K, reserved 1048576K
}
Event: 1641.635 GC heap before
{Heap before GC invocations=36 (full 0):
 garbage-first heap   total 370688K, used 306598K [0x0000000704200000, 0x0000000800000000)
  region size 2048K, 99 young (202752K), 9 survivors (18432K)
 Metaspace       used 117355K, committed 118400K, reserved 1179648K
  class space    used 15528K, committed 16000K, reserved 1048576K
}
Event: 1641.697 GC heap after
{Heap after GC invocations=37 (full 0):
 garbage-first heap   total 370688K, used 94641K [0x0000000704200000, 0x0000000800000000)
  region size 2048K, 4 young (8192K), 4 survivors (8192K)
 Metaspace       used 117355K, committed 118400K, reserved 1179648K
  class space    used 15528K, committed 16000K, reserved 1048576K
}
Event: 2971.396 GC heap before
{Heap before GC invocations=37 (full 0):
 garbage-first heap   total 370688K, used 307633K [0x0000000704200000, 0x0000000800000000)
  region size 2048K, 108 young (221184K), 4 survivors (8192K)
 Metaspace       used 117444K, committed 118464K, reserved 1179648K
  class space    used 15529K, committed 16000K, reserved 1048576K
}
Event: 2971.441 GC heap after
{Heap after GC invocations=38 (full 0):
 garbage-first heap   total 370688K, used 94631K [0x0000000704200000, 0x0000000800000000)
  region size 2048K, 4 young (8192K), 4 survivors (8192K)
 Metaspace       used 117444K, committed 118464K, reserved 1179648K
  class space    used 15529K, committed 16000K, reserved 1048576K
}
Event: 4149.707 GC heap before
{Heap before GC invocations=39 (full 0):
 garbage-first heap   total 327680K, used 283047K [0x0000000704200000, 0x0000000800000000)
  region size 2048K, 96 young (196608K), 4 survivors (8192K)
 Metaspace       used 117421K, committed 118464K, reserved 1179648K
  class space    used 15525K, committed 16000K, reserved 1048576K
}
Event: 4149.764 GC heap after
{Heap after GC invocations=40 (full 0):
 garbage-first heap   total 327680K, used 94130K [0x0000000704200000, 0x0000000800000000)
  region size 2048K, 4 young (8192K), 4 survivors (8192K)
 Metaspace       used 117421K, committed 118464K, reserved 1179648K
  class space    used 15525K, committed 16000K, reserved 1048576K
}
Event: 5324.382 GC heap before
{Heap before GC invocations=40 (full 0):
 garbage-first heap   total 327680K, used 282546K [0x0000000704200000, 0x0000000800000000)
  region size 2048K, 96 young (196608K), 4 survivors (8192K)
 Metaspace       used 117442K, committed 118528K, reserved 1179648K
  class space    used 15525K, committed 16000K, reserved 1048576K
}
Event: 5324.421 GC heap after
{Heap after GC invocations=41 (full 0):
 garbage-first heap   total 327680K, used 86848K [0x0000000704200000, 0x0000000800000000)
  region size 2048K, 4 young (8192K), 4 survivors (8192K)
 Metaspace       used 117442K, committed 118528K, reserved 1179648K
  class space    used 15525K, committed 16000K, reserved 1048576K
}
Event: 6507.916 GC heap before
{Heap before GC invocations=41 (full 0):
 garbage-first heap   total 327680K, used 275264K [0x0000000704200000, 0x0000000800000000)
  region size 2048K, 96 young (196608K), 4 survivors (8192K)
 Metaspace       used 117507K, committed 118592K, reserved 1179648K
  class space    used 15525K, committed 16000K, reserved 1048576K
}
Event: 6507.948 GC heap after
{Heap after GC invocations=42 (full 0):
 garbage-first heap   total 327680K, used 86262K [0x0000000704200000, 0x0000000800000000)
  region size 2048K, 4 young (8192K), 4 survivors (8192K)
 Metaspace       used 117507K, committed 118592K, reserved 1179648K
  class space    used 15525K, committed 16000K, reserved 1048576K
}
Event: 7595.150 GC heap before
{Heap before GC invocations=43 (full 0):
 garbage-first heap   total 301056K, used 258294K [0x0000000704200000, 0x0000000800000000)
  region size 2048K, 88 young (180224K), 4 survivors (8192K)
 Metaspace       used 116980K, committed 118592K, reserved 1179648K
  class space    used 15383K, committed 16000K, reserved 1048576K
}
Event: 7595.250 GC heap after
{Heap after GC invocations=44 (full 0):
 garbage-first heap   total 301056K, used 86082K [0x0000000704200000, 0x0000000800000000)
  region size 2048K, 4 young (8192K), 4 survivors (8192K)
 Metaspace       used 116980K, committed 118592K, reserved 1179648K
  class space    used 15383K, committed 16000K, reserved 1048576K
}
Event: 8668.598 GC heap before
{Heap before GC invocations=44 (full 0):
 garbage-first heap   total 301056K, used 258114K [0x0000000704200000, 0x0000000800000000)
  region size 2048K, 88 young (180224K), 4 survivors (8192K)
 Metaspace       used 117023K, committed 118592K, reserved 1179648K
  class space    used 15383K, committed 16000K, reserved 1048576K
}
Event: 8668.689 GC heap after
{Heap after GC invocations=45 (full 0):
 garbage-first heap   total 301056K, used 77668K [0x0000000704200000, 0x0000000800000000)
  region size 2048K, 4 young (8192K), 4 survivors (8192K)
 Metaspace       used 117023K, committed 118592K, reserved 1179648K
  class space    used 15383K, committed 16000K, reserved 1048576K
}

